<?xml version="1.0" encoding="utf-8"?><testsuites><testsuite name="pytest" errors="0" failures="0" skipped="0" tests="227" time="269.096" timestamp="2026-09-24T19:52:59.966783+00:00" hostname="vm"><testcase classname="tests.test_acceptance" name="test_single_messages[quantum_physics]" time="2.838" /><testcase classname="tests.test_acceptance" name="test_single_messages[quantum_technology]" time="0.583" /><testcase classname="tests.test_acceptance" name="test_single_messages[test_a_books]" time="0.651" /><testcase classname="tests.test_acceptance" name="test_single_messages[test_b_science]" time="0.556" /><testcase classname="tests.test_acceptance" name="test_single_messages[test_c_biology]" time="0.223" /><testcase classname="tests.test_acceptance" name="test_quantum_is_disambiguated_by_context" time="0.188" /><testcase classname="tests.test_acceptance" name="test_out_of_taxonomy_is_uncertain[pizza]" time="0.131" /><testcase classname="tests.test_acceptance" name="test_conversation_theme_accumulates" time="0.383" /><testcase classname="tests.test_acceptance" name="test_reset_clears_the_theme" time="0.564" /><testcase classname="tests.test_acceptance" name="test_uninformative_input[]" time="0.000" /><testcase classname="tests.test_acceptance" name="test_uninformative_input[   ]" time="0.000" /><testcase classname="tests.test_acceptance" name="test_uninformative_input[!!!]" time="0.000" /><testcase classname="tests.test_acceptance" name="test_uninformative_input[12345]" time="0.000" /><testcase classname="tests.test_acceptance" name="test_uninformative_input[\U0001f642\U0001f642\U0001f642]" time="0.000" /><testcase classname="tests.test_acceptance" name="test_uninformative_input[the and of]" time="0.000" /><testcase classname="tests.test_acceptance" name="test_uninformative_input[https://example.com]" time="0.000" /><testcase classname="tests.test_acceptance" name="test_markup_and_case_do_not_change_the_answer" time="1.023" /><testcase classname="tests.test_acceptance" name="test_very_long_input_is_handled" time="1.039" /><testcase classname="tests.test_acceptance" name="test_non_english_input_is_not_confidently_classified" time="0.001" /><testcase classname="tests.test_acceptance" name="test_short_non_english_input_is_rejected_by_the_language_gate[merhaba]" time="0.000" /><testcase classname="tests.test_acceptance" name="test_short_non_english_input_is_rejected_by_the_language_gate[merhaba d\xfcnya]" time="0.000" /><testcase classname="tests.test_acceptance" name="test_short_non_english_input_is_rejected_by_the_language_gate[bonjour]" time="0.000" /><testcase classname="tests.test_acceptance" name="test_short_non_english_input_is_rejected_by_the_language_gate[bonjour monde]" time="0.000" /><testcase classname="tests.test_acceptance" name="test_short_non_english_input_is_rejected_by_the_language_gate[hola amigo]" time="0.000" /><testcase classname="tests.test_acceptance" name="test_guten_tag_is_not_answered_with_a_topic" time="0.519" /><testcase classname="tests.test_acceptance" name="test_short_english_input_passes_the_language_gate[hello]" time="0.512" /><testcase classname="tests.test_acceptance" name="test_short_english_input_passes_the_language_gate[hello world]" time="0.551" /><testcase classname="tests.test_acceptance" name="test_short_english_input_passes_the_language_gate[quantum]" time="0.604" /><testcase classname="tests.test_acceptance" name="test_short_english_input_passes_the_language_gate[quantum physics]" time="0.169" /><testcase classname="tests.test_acceptance" name="test_short_english_input_passes_the_language_gate[titration]" time="0.023" /><testcase classname="tests.test_acceptance" name="test_short_english_input_passes_the_language_gate[photosynthesis]" time="0.070" /><testcase classname="tests.test_acceptance" name="test_probabilities_are_well_formed" time="0.059" /><testcase classname="tests.test_acceptance" name="test_single_message_latency_on_cpu" time="6.092" /><testcase classname="tests.test_acceptance" name="test_one_books_message_is_a_tangent_in_a_physics_conversation" time="1.210" /><testcase classname="tests.test_acceptance" name="test_a_sustained_books_run_switches_the_theme" time="2.401" /><testcase classname="tests.test_acceptance" name="test_an_old_theme_expires_after_unrelated_messages" time="4.137" /><testcase classname="tests.test_composer" name="test_empty" time="0.001" /><testcase classname="tests.test_composer" name="test_single_topic_uses_dominant_subtopic" time="0.000" /><testcase classname="tests.test_composer" name="test_single_topic_without_dominant_subtopic" time="0.004" /><testcase classname="tests.test_composer" name="test_books_plus_science_is_science_books" time="0.000" /><testcase classname="tests.test_composer" name="test_books_plus_history_is_history_books" time="0.001" /><testcase classname="tests.test_composer" name="test_books_science_biology_narrows" time="0.001" /><testcase classname="tests.test_composer" name="test_books_plus_biology_without_science" time="0.001" /><testcase classname="tests.test_composer" name="test_history_is_a_perspective" time="0.001" /><testcase classname="tests.test_composer" name="test_narrowing_without_format" time="0.000" /><testcase classname="tests.test_composer" name="test_unrelated_pair" time="0.000" /><testcase classname="tests.test_composer" name="test_concepts_are_the_single_ideas_behind_the_phrase" time="0.000" /><testcase classname="tests.test_db" name="test_schema_and_pragmas" time="0.043" /><testcase classname="tests.test_db" name="test_round_trip" time="0.067" /><testcase classname="tests.test_db" name="test_foreign_keys_enforced" time="0.034" /><testcase classname="tests.test_db" name="test_sql_injection_is_stored_literally" time="0.037" /><testcase classname="tests.test_db" name="test_count_rejects_unknown_table" time="0.006" /><testcase classname="tests.test_db" name="test_search_cache_ttl" time="0.006" /><testcase classname="tests.test_db" name="test_reopen_does_not_remigrate" time="0.031" /><testcase classname="tests.test_db" name="test_newer_schema_is_refused" time="0.034" /><testcase classname="tests.test_db" name="test_unwritable_location_raises_database_error" time="0.001" /><testcase classname="tests.test_db" name="test_locked_database_surfaces_as_database_error" time="0.134" /><testcase classname="tests.test_db" name="test_stored_message_length_is_bounded" time="0.043" /><testcase classname="tests.test_encoders" name="test_fine_tuned_encoder_never_falls_back_to_the_hub" time="0.001" /><testcase classname="tests.test_encoders" name="test_empty_directory_is_not_mistaken_for_a_model" time="0.001" /><testcase classname="tests.test_encoders" name="test_half_exact_weights_are_saved_as_float16_and_restored" time="0.001" /><testcase classname="tests.test_encoders" name="test_float32_weights_are_saved_unchanged" time="0.001" /><testcase classname="tests.test_heads_metrics" name="test_temperature_scaling_fixes_overconfidence" time="0.007" /><testcase classname="tests.test_heads_metrics" name="test_ece_zero_for_perfect_confident_predictions" time="0.001" /><testcase classname="tests.test_heads_metrics" name="test_multiclass_report_fields" time="0.007" /><testcase classname="tests.test_heads_metrics" name="test_decide_subtopics_respects_hierarchy" time="0.000" /><testcase classname="tests.test_heads_metrics" name="test_joint_probs" time="0.000" /><testcase classname="tests.test_heads_metrics" name="test_multilabel_report" time="0.009" /><testcase classname="tests.test_heads_metrics" name="test_ood_report_separable" time="0.002" /><testcase classname="tests.test_heads_metrics" name="test_macro_f1_over_supported_labels_ignores_absent_classes" time="0.007" /><testcase classname="tests.test_heads_metrics" name="test_grouped_probs_are_distributions_and_respect_the_hierarchy" time="0.001" /><testcase classname="tests.test_heads_metrics" name="test_grouped_temperature_recovers_the_generating_temperature" time="0.376" /><testcase classname="tests.test_integration" name="test_prediction_and_hierarchy[hierarchical]" time="3.177" /><testcase classname="tests.test_integration" name="test_uninformative_and_out_of_vocabulary[hierarchical]" time="0.005" /><testcase classname="tests.test_integration" name="test_full_chain_persists_everything[hierarchical]" time="0.020" /><testcase classname="tests.test_integration" name="test_offline_web_does_not_break_classification_or_logging[hierarchical]" time="0.077" /><testcase classname="tests.test_integration" name="test_database_failure_is_a_warning_not_a_crash[hierarchical]" time="0.043" /><testcase classname="tests.test_integration" name="test_conversation_theme_and_reset[hierarchical]" time="0.080" /><testcase classname="tests.test_integration" name="test_uncertain_turn_does_not_change_theme[hierarchical]" time="0.011" /><testcase classname="tests.test_integration" name="test_database_that_cannot_start_a_session_falls_back_to_local_history[hierarchical]" time="0.041" /><testcase classname="tests.test_integration" name="test_artifact_round_trip_and_integrity[hierarchical]" time="0.088" /><testcase classname="tests.test_integration" name="test_artifact_refuses_an_encoder_it_was_not_trained_with[hierarchical]" time="0.075" /><testcase classname="tests.test_integration" name="test_artifact_without_encoder_fingerprint_is_refused[hierarchical]" time="0.077" /><testcase classname="tests.test_integration" name="test_unloadable_encoder_becomes_an_artifact_error[hierarchical]" time="0.076" /><testcase classname="tests.test_integration" name="test_cli_script_mode[hierarchical]" time="0.142" /><testcase classname="tests.test_integration" name="test_cli_eof_and_interrupt[hierarchical]" time="0.001" /><testcase classname="tests.test_integration" name="test_cli_unreadable_script_is_an_error_not_a_traceback[hierarchical]" time="0.125" /><testcase classname="tests.test_integration" name="test_reported_subtopics_are_capped[hierarchical]" time="0.006" /><testcase classname="tests.test_integration" name="test_artifact_with_unknown_head_type_is_refused[hierarchical]" time="0.147" /><testcase classname="tests.test_integration" name="test_empty_batch_is_handled[hierarchical]" time="0.000" /><testcase classname="tests.test_integration" name="test_language_gate_flags_non_english_text[hierarchical]" time="0.000" /><testcase classname="tests.test_integration" name="test_language_gate_trusts_the_lexicon_over_the_identifier[hierarchical]" time="0.000" /><testcase classname="tests.test_integration" name="test_text_in_another_script_is_non_english_not_uninformative[hierarchical]" time="0.000" /><testcase classname="tests.test_integration" name="test_language_gate_round_trips_through_the_artifact[hierarchical]" time="0.132" /><testcase classname="tests.test_integration" name="test_encoder_manifest_lists_every_file[hierarchical]" time="0.085" /><testcase classname="tests.test_integration" name="test_encoder_files_are_verified[hierarchical-&lt;lambda&gt;-checksum mismatch]" time="0.080" /><testcase classname="tests.test_integration" name="test_encoder_files_are_verified[hierarchical-&lt;lambda&gt;-encoder files missing]" time="0.080" /><testcase classname="tests.test_integration" name="test_encoder_files_are_verified[hierarchical-&lt;lambda&gt;-unexpected files]" time="0.112" /><testcase classname="tests.test_integration" name="test_encoder_directory_without_manifest_is_refused[hierarchical]" time="0.081" /><testcase classname="tests.test_integration" name="test_pipeline_reports_when_the_context_expires[hierarchical]" time="0.015" /><testcase classname="tests.test_ood" name="test_detector_ranks_topical_text_above_chat[hierarchical-centroid]" time="0.026" /><testcase classname="tests.test_ood" name="test_detector_ranks_topical_text_above_chat[hierarchical-msp]" time="0.006" /><testcase classname="tests.test_ood" name="test_detector_ranks_topical_text_above_chat[hierarchical-energy]" time="0.006" /><testcase classname="tests.test_ood" name="test_detector_ranks_topical_text_above_chat[hierarchical-mahalanobis]" time="29.047" /><testcase classname="tests.test_ood" name="test_detector_ranks_topical_text_above_chat[hierarchical-knn]" time="0.090" /><testcase classname="tests.test_ood" name="test_detector_ranks_topical_text_above_chat[hierarchical-binary]" time="0.088" /><testcase classname="tests.test_ood" name="test_detector_ranks_topical_text_above_chat[hierarchical-other_class]" time="1.818" /><testcase classname="tests.test_ood" name="test_detector_round_trips_through_the_artifact[hierarchical-mahalanobis]" time="22.076" /><testcase classname="tests.test_ood" name="test_detector_round_trips_through_the_artifact[hierarchical-knn]" time="0.132" /><testcase classname="tests.test_ood" name="test_detector_round_trips_through_the_artifact[hierarchical-binary]" time="0.115" /><testcase classname="tests.test_ood" name="test_detector_round_trips_through_the_artifact[hierarchical-other_class]" time="2.117" /><testcase classname="tests.test_integration" name="test_prediction_and_hierarchy[flat_softmax]" time="1.985" /><testcase classname="tests.test_integration" name="test_uninformative_and_out_of_vocabulary[flat_softmax]" time="0.001" /><testcase classname="tests.test_integration" name="test_full_chain_persists_everything[flat_softmax]" time="0.017" /><testcase classname="tests.test_integration" name="test_offline_web_does_not_break_classification_or_logging[flat_softmax]" time="0.032" /><testcase classname="tests.test_integration" name="test_database_failure_is_a_warning_not_a_crash[flat_softmax]" time="0.049" /><testcase classname="tests.test_integration" name="test_conversation_theme_and_reset[flat_softmax]" time="0.086" /><testcase classname="tests.test_integration" name="test_uncertain_turn_does_not_change_theme[flat_softmax]" time="0.012" /><testcase classname="tests.test_integration" name="test_database_that_cannot_start_a_session_falls_back_to_local_history[flat_softmax]" time="0.037" /><testcase classname="tests.test_integration" name="test_artifact_round_trip_and_integrity[flat_softmax]" time="0.086" /><testcase classname="tests.test_integration" name="test_artifact_refuses_an_encoder_it_was_not_trained_with[flat_softmax]" time="0.048" /><testcase classname="tests.test_integration" name="test_artifact_without_encoder_fingerprint_is_refused[flat_softmax]" time="0.029" /><testcase classname="tests.test_integration" name="test_unloadable_encoder_becomes_an_artifact_error[flat_softmax]" time="0.041" /><testcase classname="tests.test_integration" name="test_cli_script_mode[flat_softmax]" time="0.090" /><testcase classname="tests.test_integration" name="test_cli_eof_and_interrupt[flat_softmax]" time="0.001" /><testcase classname="tests.test_integration" name="test_cli_unreadable_script_is_an_error_not_a_traceback[flat_softmax]" time="0.072" /><testcase classname="tests.test_integration" name="test_reported_subtopics_are_capped[flat_softmax]" time="0.008" /><testcase classname="tests.test_integration" name="test_artifact_with_unknown_head_type_is_refused[flat_softmax]" time="0.068" /><testcase classname="tests.test_integration" name="test_empty_batch_is_handled[flat_softmax]" time="0.000" /><testcase classname="tests.test_integration" name="test_language_gate_flags_non_english_text[flat_softmax]" time="0.000" /><testcase classname="tests.test_integration" name="test_language_gate_trusts_the_lexicon_over_the_identifier[flat_softmax]" time="0.000" /><testcase classname="tests.test_integration" name="test_text_in_another_script_is_non_english_not_uninformative[flat_softmax]" time="0.000" /><testcase classname="tests.test_integration" name="test_language_gate_round_trips_through_the_artifact[flat_softmax]" time="0.084" /><testcase classname="tests.test_integration" name="test_encoder_manifest_lists_every_file[flat_softmax]" time="0.020" /><testcase classname="tests.test_integration" name="test_encoder_files_are_verified[flat_softmax-&lt;lambda&gt;-checksum mismatch]" time="0.018" /><testcase classname="tests.test_integration" name="test_encoder_files_are_verified[flat_softmax-&lt;lambda&gt;-encoder files missing]" time="0.018" /><testcase classname="tests.test_integration" name="test_encoder_files_are_verified[flat_softmax-&lt;lambda&gt;-unexpected files]" time="0.019" /><testcase classname="tests.test_integration" name="test_encoder_directory_without_manifest_is_refused[flat_softmax]" time="0.021" /><testcase classname="tests.test_integration" name="test_pipeline_reports_when_the_context_expires[flat_softmax]" time="0.005" /><testcase classname="tests.test_ood" name="test_detector_ranks_topical_text_above_chat[flat_softmax-centroid]" time="0.022" /><testcase classname="tests.test_ood" name="test_detector_ranks_topical_text_above_chat[flat_softmax-msp]" time="0.002" /><testcase classname="tests.test_ood" name="test_detector_ranks_topical_text_above_chat[flat_softmax-energy]" time="0.002" /><testcase classname="tests.test_ood" name="test_detector_ranks_topical_text_above_chat[flat_softmax-mahalanobis]" time="35.023" /><testcase classname="tests.test_ood" name="test_detector_ranks_topical_text_above_chat[flat_softmax-knn]" time="0.021" /><testcase classname="tests.test_ood" name="test_detector_ranks_topical_text_above_chat[flat_softmax-binary]" time="0.019" /><testcase classname="tests.test_ood" name="test_detector_ranks_topical_text_above_chat[flat_softmax-other_class]" time="2.706" /><testcase classname="tests.test_ood" name="test_detector_round_trips_through_the_artifact[flat_softmax-mahalanobis]" time="32.971" /><testcase classname="tests.test_ood" name="test_detector_round_trips_through_the_artifact[flat_softmax-knn]" time="0.066" /><testcase classname="tests.test_ood" name="test_detector_round_trips_through_the_artifact[flat_softmax-binary]" time="0.032" /><testcase classname="tests.test_ood" name="test_detector_round_trips_through_the_artifact[flat_softmax-other_class]" time="2.949" /><testcase classname="tests.test_integration" name="test_missing_artifact_explains_how_to_build" time="0.001" /><testcase classname="tests.test_integration" name="test_cli_missing_model_exit_code" time="0.002" /><testcase classname="tests.test_labels" name="test_general_topic_is_the_shallowest_crawl" time="0.004" /><testcase classname="tests.test_labels" name="test_balanced_selection_caps_and_prefers_shallow" time="0.000" /><testcase classname="tests.test_labels" name="test_grouped_split_is_disjoint_and_stratified" time="0.001" /><testcase classname="tests.test_labels" name="test_missing_articles_are_recovered_from_redirects_and_the_second_dump" time="0.001" /><testcase classname="tests.test_labels" name="test_near_duplicates_across_splits_are_found" time="0.004" /><testcase classname="tests.test_leakage" name="test_acceptance_sentences_are_not_training_data" time="0.362" /><testcase classname="tests.test_leakage" name="test_splits_are_disjoint_by_article" time="0.015" /><testcase classname="tests.test_leakage" name="test_every_class_is_in_every_split" time="0.028" /><testcase classname="tests.test_leakage" name="test_no_exact_duplicate_passages" time="0.023" /><testcase classname="tests.test_leakage" name="test_labels_respect_the_hierarchy" time="0.006" /><testcase classname="tests.test_ood" name="test_detectors_that_learn_from_offtopic_text_need_it" time="0.019" /><testcase classname="tests.test_passages" name="test_clean_text_removes_empty_parentheses" time="0.000" /><testcase classname="tests.test_passages" name="test_heading_detection" time="0.000" /><testcase classname="tests.test_passages" name="test_paragraphs_skip_headings_and_stop_at_back_matter" time="0.000" /><testcase classname="tests.test_passages" name="test_sentence_split_respects_abbreviations" time="0.000" /><testcase classname="tests.test_passages" name="test_initials_are_not_sentence_boundaries" time="0.000" /><testcase classname="tests.test_passages" name="test_make_passages_bounds" time="0.000" /><testcase classname="tests.test_passages" name="test_max_passages_respected" time="0.000" /><testcase classname="tests.test_query" name="test_query_combines_theme_and_rare_keywords" time="0.000" /><testcase classname="tests.test_query" name="test_words_outside_vocabulary_are_never_sent" time="0.000" /><testcase classname="tests.test_query" name="test_theme_words_are_not_repeated" time="0.000" /><testcase classname="tests.test_query" name="test_empty_theme_gives_empty_query" time="0.000" /><testcase classname="tests.test_query" name="test_keyword_refinement_can_be_disabled" time="0.000" /><testcase classname="tests.test_query" name="test_concepts_extend_candidates_up_to_a_bound" time="0.000" /><testcase classname="tests.test_query" name="test_keywords_do_not_repeat_the_theme_in_another_number" time="0.000" /><testcase classname="tests.test_settings" name="test_min_confidence_defaults_to_the_artifact_value" time="0.000" /><testcase classname="tests.test_settings" name="test_environment_overrides_are_coerced" time="0.000" /><testcase classname="tests.test_settings" name="test_min_confidence_can_be_reset_to_the_artifact_value" time="0.000" /><testcase classname="tests.test_settings" name="test_explicit_overrides_win_over_environment" time="0.000" /><testcase classname="tests.test_taxonomy" name="test_shape" time="0.000" /><testcase classname="tests.test_taxonomy" name="test_hierarchy_validation" time="0.000" /><testcase classname="tests.test_taxonomy" name="test_composition_metadata" time="0.000" /><testcase classname="tests.test_taxonomy" name="test_display_names" time="0.000" /><testcase classname="tests.test_taxonomy" name="test_seed_parsing" time="0.000" /><testcase classname="tests.test_taxonomy" name="test_rejects_duplicate_ids" time="0.001" /><testcase classname="tests.test_taxonomy" name="test_rejects_unknown_broader" time="0.001" /><testcase classname="tests.test_text" name="test_nfkc_and_casefold" time="0.000" /><testcase classname="tests.test_text" name="test_dotted_capital_i_is_handled_without_locale" time="0.000" /><testcase classname="tests.test_text" name="test_removes_urls_mentions_html_and_emoji_but_keeps_hashtag_words" time="0.000" /><testcase classname="tests.test_text" name="test_case_preserved_by_default" time="0.000" /><testcase classname="tests.test_text" name="test_empty_and_whitespace" time="0.000" /><testcase classname="tests.test_text" name="test_uninformative_inputs" time="0.000" /><testcase classname="tests.test_text" name="test_informative_inputs" time="0.000" /><testcase classname="tests.test_text" name="test_long_input_is_truncated" time="0.001" /><testcase classname="tests.test_tracker" name="test_decay_update_formula" time="0.000" /><testcase classname="tests.test_tracker" name="test_zero_weight_turn_only_ages_context" time="0.000" /><testcase classname="tests.test_tracker" name="test_theme_keeps_topics_above_share" time="0.000" /><testcase classname="tests.test_tracker" name="test_old_topics_fade_out" time="0.000" /><testcase classname="tests.test_tracker" name="test_reset_clears_state" time="0.000" /><testcase classname="tests.test_tracker" name="test_invalid_decay" time="0.000" /><testcase classname="tests.test_tracker" name="test_theme_expires_after_an_uncertain_streak[1-False]" time="0.000" /><testcase classname="tests.test_tracker" name="test_theme_expires_after_an_uncertain_streak[2-False]" time="0.000" /><testcase classname="tests.test_tracker" name="test_theme_expires_after_an_uncertain_streak[5-True]" time="0.000" /><testcase classname="tests.test_tracker" name="test_theme_expires_after_an_uncertain_streak[20-True]" time="0.000" /><testcase classname="tests.test_tracker" name="test_decay_alone_never_expires_the_theme" time="0.000" /><testcase classname="tests.test_tracker" name="test_a_confident_message_resets_the_uncertain_streak" time="0.000" /><testcase classname="tests.test_tracker" name="test_one_message_tangent_does_not_switch_the_dominant_topic" time="0.000" /><testcase classname="tests.test_tracker" name="test_a_real_switch_is_followed" time="0.000" /><testcase classname="tests.test_tracker" name="test_switch_needs_consecutive_agreement" time="0.000" /><testcase classname="tests.test_tracker" name="test_invalid_tracker_settings" time="0.000" /><testcase classname="tests.test_train_script" name="test_train_script_writes_a_loadable_artifact" time="31.458" /><testcase classname="tests.test_train_script" name="test_evaluate_and_decay_scripts_run" time="71.639" /><testcase classname="tests.test_websearch" name="test_parse_wikipedia_orders_by_search_rank_and_drops_unsafe_urls" time="0.000" /><testcase classname="tests.test_websearch" name="test_parse_wikipedia_handles_malformed_payloads" time="0.000" /><testcase classname="tests.test_websearch" name="test_parse_duckduckgo_abstract_and_nested_topics" time="0.000" /><testcase classname="tests.test_websearch" name="test_clean_snippet_and_url_validation" time="0.000" /><testcase classname="tests.test_websearch" name="test_search_uses_wikipedia_first_and_caches" time="0.000" /><testcase classname="tests.test_websearch" name="test_search_falls_back_to_duckduckgo" time="0.001" /><testcase classname="tests.test_websearch" name="test_search_tries_fallback_query_when_first_has_no_results" time="0.000" /><testcase classname="tests.test_websearch" name="test_offline_never_raises" time="0.000" /><testcase classname="tests.test_websearch" name="test_disabled" time="0.000" /><testcase classname="tests.test_websearch" name="test_get_json_retries_on_429_with_retry_after" time="0.000" /><testcase classname="tests.test_websearch" name="test_get_json_retries_timeouts_then_gives_up" time="0.001" /><testcase classname="tests.test_websearch" name="test_get_json_does_not_retry_404_and_rejects_bad_json" time="0.000" /><testcase classname="tests.test_websearch" name="test_failed_provider_is_skipped_until_its_cooldown_ends" time="0.001" /></testsuite></testsuites>